2020/07/06 16:05:39 article.go:29: info 查询文章详情失败record not found
2020/07/06 16:05:39 article.go:37: error 请求文章详情参数不正确或者没有数据可查询record not found
2020/07/06 16:05:48 article.go:29: info 查询文章详情失败record not found
2020/07/06 16:05:48 article.go:37: error 请求文章详情参数不正确或者没有数据可查询record not found
2020/07/06 17:50:20 article.go:29: info 查询文章详情失败record not found
2020/07/06 17:50:20 article.go:37: error 请求文章详情参数不正确或者没有数据可查询record not found
2020/07/06 17:53:41 article.go:29: info 查询文章详情失败record not found
2020/07/06 17:53:41 article.go:37: error 请求文章详情参数不正确或者没有数据可查询record not found
2020/07/06 17:55:09 article.go:29: info 查询文章详情失败record not found
2020/07/06 17:55:09 article.go:37: error 请求文章详情参数不正确或者没有数据可查询record not found
2020/07/06 17:55:28 article.go:29: info 查询文章详情失败record not found
2020/07/06 17:55:28 article.go:37: error 请求文章详情参数不正确或者没有数据可查询record not found
2020/07/06 18:03:52 article.go:29: info 查询文章详情失败record not found
2020/07/06 18:03:52 article.go:37: error 请求文章详情参数不正确或者没有数据可查询record not found
2020/07/06 18:06:49 article.go:29: info 查询文章详情失败record not found
2020/07/06 18:06:49 article.go:37: error 请求文章详情参数不正确或者没有数据可查询record not found
2020/07/06 18:29:10 article.go:29: info 查询文章详情失败record not found
2020/07/06 18:29:10 article.go:37: error 请求文章详情参数不正确或者没有数据可查询record not found
2020/07/06 18:33:36 article.go:29: info 查询文章详情失败record not found
2020/07/06 18:33:36 article.go:37: error 请求文章详情参数不正确或者没有数据可查询record not found
2020/07/06 18:35:18 article.go:29: info 查询文章详情失败record not found
2020/07/06 18:35:18 article.go:37: error 请求文章详情参数不正确或者没有数据可查询record not found
2020/07/06 18:35:25 article.go:29: info 查询文章详情失败record not found
2020/07/06 18:35:25 article.go:37: error 请求文章详情参数不正确或者没有数据可查询record not found
2020/07/06 18:35:43 article.go:29: info 查询文章详情失败record not found
2020/07/06 18:35:43 article.go:37: error 请求文章详情参数不正确或者没有数据可查询record not found
2020/07/06 18:37:18 article.go:29: info 查询文章详情失败record not found
2020/07/06 18:37:18 article.go:37: error 请求文章详情参数不正确或者没有数据可查询record not found
2020/07/06 18:40:44 article.go:29: info 查询文章详情失败record not found
2020/07/06 18:40:44 article.go:37: error 请求文章详情参数不正确或者没有数据可查询record not found
2020/07/06 18:41:09 article.go:29: info 查询文章详情失败record not found
2020/07/06 18:41:09 article.go:37: error 请求文章详情参数不正确或者没有数据可查询record not found
2020/07/06 18:41:23 article.go:29: info 查询文章详情失败record not found
2020/07/06 18:41:23 article.go:37: error 请求文章详情参数不正确或者没有数据可查询record not found
2020/07/06 18:41:28 article.go:29: info 查询文章详情失败record not found
2020/07/06 18:41:28 article.go:37: error 请求文章详情参数不正确或者没有数据可查询record not found
2020/07/06 18:41:29 article.go:29: info 查询文章详情失败record not found
2020/07/06 18:41:29 article.go:37: error 请求文章详情参数不正确或者没有数据可查询record not found
2020/07/06 18:41:35 article.go:29: info 查询文章详情失败record not found
2020/07/06 18:41:35 article.go:37: error 请求文章详情参数不正确或者没有数据可查询record not found
2020/07/06 18:46:17 article.go:29: info 查询文章详情失败record not found
2020/07/06 18:46:17 article.go:37: error 请求文章详情参数不正确或者没有数据可查询record not found
2020/07/06 18:46:20 article.go:29: info 查询文章详情失败record not found
2020/07/06 18:46:20 article.go:37: error 请求文章详情参数不正确或者没有数据可查询record not found
2020/07/06 18:46:33 oauth.go:44: info 获取github用户信息失败Get https://api.github.com/user?access_token=f73d3591fe6bea926b017cd793dbb68fdb9ee66e&expires_in=28800&refresh_token=r1.c60bd095b5ede8f0dfe33ddcad7edc1f3d2dc60ad3e13bc099e535356ba399a0477878905884b9a9&refresh_token_expires_in=15897600: read tcp 192.168.125.190:64664->13.250.168.23:443: wsarecv: An existing connection was forcibly closed by the remote host.
2020/07/06 18:46:49 article.go:29: info 查询文章详情失败record not found
2020/07/06 18:46:49 article.go:37: error 请求文章详情参数不正确或者没有数据可查询record not found
2020/07/06 18:51:43 oauth.go:75: info 查询登录信息失败
2020/07/06 18:51:43 oauth.go:75: info 查询登录信息失败
2020/07/06 18:51:45 oauth.go:75: info 查询登录信息失败
2020/07/06 18:51:50 oauth.go:75: info 查询登录信息失败
2020/07/06 18:51:52 oauth.go:75: info 查询登录信息失败
2020/07/06 18:51:52 oauth.go:75: info 查询登录信息失败
2020/07/06 18:51:53 oauth.go:75: info 查询登录信息失败
2020/07/06 18:53:06 oauth.go:75: info 查询登录信息失败
2020/07/06 18:53:06 user.go:30: info 退出登录解析token失败record not found
2020/07/06 18:53:08 oauth.go:75: info 查询登录信息失败
2020/07/06 18:53:09 oauth.go:75: info 查询登录信息失败
2020/07/06 18:53:10 oauth.go:75: info 查询登录信息失败
2020/07/06 18:53:11 oauth.go:75: info 查询登录信息失败
2020/07/06 18:55:11 oauth.go:75: info 查询登录信息失败
2020/07/06 18:55:12 oauth.go:75: info 查询登录信息失败
2020/07/06 18:55:12 oauth.go:75: info 查询登录信息失败
2020/07/06 18:55:14 oauth.go:75: info 查询登录信息失败
2020/07/06 18:55:59 oauth.go:75: info 查询登录信息失败
2020/07/06 18:56:02 oauth.go:75: info 查询登录信息失败
2020/07/06 18:56:03 oauth.go:75: info 查询登录信息失败
2020/07/06 18:56:04 oauth.go:75: info 查询登录信息失败
2020/07/06 18:56:05 oauth.go:34: info 查询第三方登录数据失败record not found
2020/07/06 18:56:07 oauth.go:75: info 查询登录信息失败
2020/07/06 18:56:07 oauth.go:75: info 查询登录信息失败
2020/07/06 18:57:48 oauth.go:76: info 查询登录信息失败
2020/07/06 18:58:07 oauth.go:76: info 查询登录信息失败
2020/07/06 18:58:07 user.go:30: info 退出登录解析token失败record not found
2020/07/06 18:58:13 oauth.go:76: info 查询登录信息失败
2020/07/06 18:58:13 user.go:30: info 退出登录解析token失败record not found
2020/07/06 18:58:17 oauth.go:76: info 查询登录信息失败
2020/07/06 18:58:17 user.go:30: info 退出登录解析token失败record not found
2020/07/06 18:58:31 oauth.go:76: info 查询登录信息失败
2020/07/06 18:58:33 oauth.go:76: info 查询登录信息失败
2020/07/06 18:58:33 oauth.go:76: info 查询登录信息失败
2020/07/06 18:58:35 oauth.go:76: info 查询登录信息失败
2020/07/06 19:08:58 oauth.go:76: info 查询登录信息失败
2020/07/06 19:08:59 oauth.go:76: info 查询登录信息失败
2020/07/06 19:09:02 oauth.go:76: info 查询登录信息失败
2020/07/06 19:09:03 oauth.go:76: info 查询登录信息失败
2020/07/06 19:09:04 oauth.go:76: info 查询登录信息失败
2020/07/06 19:09:04 oauth.go:76: info 查询登录信息失败
2020/07/06 19:09:06 oauth.go:76: info 查询登录信息失败
